  [1m[35m (435.5ms)[0m  [1m[35mCREATE DATABASE "demo_project_development" ENCODING = 'unicode'[0m
  ↳ /Users/tckw00/.rvm/gems/ruby-2.5.1/bin/rake:22
  [1m[35m (325.7ms)[0m  [1m[35mCREATE DATABASE "demo_project_test" ENCODING = 'unicode'[0m
  ↳ /Users/tckw00/.rvm/gems/ruby-2.5.1/bin/rake:22
  [1m[35m (14.4ms)[0m  [1m[35mCREATE TABLE "schema_migrations" ("version" character varying NOT NULL PRIMARY KEY)[0m
  ↳ /Users/tckw00/.rvm/gems/ruby-2.5.1/bin/rake:22
  [1m[35m (3.7ms)[0m  [1m[35mCREATE TABLE "ar_internal_metadata" ("key" character varying NOT NULL PRIMARY KEY, "value" character varying, "created_at" timestamp NOT NULL, "updated_at" timestamp NOT NULL)[0m
  ↳ /Users/tckw00/.rvm/gems/ruby-2.5.1/bin/rake:22
  [1m[35m (0.6ms)[0m  [1m[34mSELECT pg_try_advisory_lock(3664083811000030320)[0m
  ↳ /Users/tckw00/.rvm/gems/ruby-2.5.1/bin/rake:22
  [1m[35m (0.5ms)[0m  [1m[34mSELECT "schema_migrations"."version" FROM "schema_migrations" ORDER BY "schema_migrations"."version" ASC[0m
  ↳ /Users/tckw00/.rvm/gems/ruby-2.5.1/bin/rake:22
Migrating to People (20181106174919)
  [1m[35m (0.4ms)[0m  [1m[34mSELECT pg_advisory_unlock(3664083811000030320)[0m
  ↳ /Users/tckw00/.rvm/gems/ruby-2.5.1/bin/rake:22
  [1m[35m (0.2ms)[0m  [1m[34mSELECT pg_try_advisory_lock(3664083811000030320)[0m
  ↳ /Users/tckw00/.rvm/gems/ruby-2.5.1/bin/rake:22
  [1m[35m (0.8ms)[0m  [1m[34mSELECT "schema_migrations"."version" FROM "schema_migrations" ORDER BY "schema_migrations"."version" ASC[0m
  ↳ /Users/tckw00/.rvm/gems/ruby-2.5.1/bin/rake:22
Migrating to People (20181106174919)
  [1m[35m (0.2ms)[0m  [1m[35mBEGIN[0m
  ↳ /Users/tckw00/.rvm/gems/ruby-2.5.1/bin/rake:22
  [1m[35m (7.9ms)[0m  [1m[35mCREATE TABLE "people" ("id" bigserial primary key, "name" character varying NOT NULL, "house_id" integer)[0m
  ↳ db/migrate/20181106174919_people.rb:3
  [1m[36mActiveRecord::SchemaMigration Create (1.3ms)[0m  [1m[32mINSERT INTO "schema_migrations" ("version") VALUES ($1) RETURNING "version"[0m  [["version", "20181106174919"]]
  ↳ /Users/tckw00/.rvm/gems/ruby-2.5.1/bin/rake:22
  [1m[35m (0.6ms)[0m  [1m[35mCOMMIT[0m
  ↳ /Users/tckw00/.rvm/gems/ruby-2.5.1/bin/rake:22
  [1m[36mActiveRecord::InternalMetadata Load (0.4ms)[0m  [1m[34mSELECT  "ar_internal_metadata".* FROM "ar_internal_metadata" WHERE "ar_internal_metadata"."key" = $1 LIMIT $2[0m  [["key", "environment"], ["LIMIT", 1]]
  ↳ /Users/tckw00/.rvm/gems/ruby-2.5.1/bin/rake:22
  [1m[35m (0.1ms)[0m  [1m[35mBEGIN[0m
  ↳ /Users/tckw00/.rvm/gems/ruby-2.5.1/bin/rake:22
  [1m[36mActiveRecord::InternalMetadata Create (1.0ms)[0m  [1m[32mINSERT INTO "ar_internal_metadata" ("key", "value", "created_at", "updated_at") VALUES ($1, $2, $3, $4) RETURNING "key"[0m  [["key", "environment"], ["value", "development"], ["created_at", "2018-11-06 18:04:48.707123"], ["updated_at", "2018-11-06 18:04:48.707123"]]
  ↳ /Users/tckw00/.rvm/gems/ruby-2.5.1/bin/rake:22
  [1m[35m (0.4ms)[0m  [1m[35mCOMMIT[0m
  ↳ /Users/tckw00/.rvm/gems/ruby-2.5.1/bin/rake:22
  [1m[35m (0.3ms)[0m  [1m[34mSELECT pg_advisory_unlock(3664083811000030320)[0m
  ↳ /Users/tckw00/.rvm/gems/ruby-2.5.1/bin/rake:22
  [1m[35m (0.3ms)[0m  [1m[34mSELECT "schema_migrations"."version" FROM "schema_migrations" ORDER BY "schema_migrations"."version" ASC[0m
  ↳ /Users/tckw00/.rvm/gems/ruby-2.5.1/bin/rake:22
  [1m[35m (0.2ms)[0m  [1m[34mSELECT pg_try_advisory_lock(3664083811000030320)[0m
  ↳ /Users/tckw00/.rvm/gems/ruby-2.5.1/bin/rake:22
  [1m[35m (0.8ms)[0m  [1m[34mSELECT "schema_migrations"."version" FROM "schema_migrations" ORDER BY "schema_migrations"."version" ASC[0m
  ↳ /Users/tckw00/.rvm/gems/ruby-2.5.1/bin/rake:22
  [1m[36mActiveRecord::InternalMetadata Load (0.6ms)[0m  [1m[34mSELECT  "ar_internal_metadata".* FROM "ar_internal_metadata" WHERE "ar_internal_metadata"."key" = $1 LIMIT $2[0m  [["key", "environment"], ["LIMIT", 1]]
  ↳ /Users/tckw00/.rvm/gems/ruby-2.5.1/bin/rake:22
  [1m[35m (0.2ms)[0m  [1m[35mBEGIN[0m
  ↳ /Users/tckw00/.rvm/gems/ruby-2.5.1/bin/rake:22
  [1m[35m (0.1ms)[0m  [1m[35mCOMMIT[0m
  ↳ /Users/tckw00/.rvm/gems/ruby-2.5.1/bin/rake:22
  [1m[35m (0.2ms)[0m  [1m[34mSELECT pg_advisory_unlock(3664083811000030320)[0m
  ↳ /Users/tckw00/.rvm/gems/ruby-2.5.1/bin/rake:22
  [1m[35m (0.2ms)[0m  [1m[34mSELECT "schema_migrations"."version" FROM "schema_migrations" ORDER BY "schema_migrations"."version" ASC[0m
  ↳ /Users/tckw00/.rvm/gems/ruby-2.5.1/bin/rake:22
  [1m[35m (0.2ms)[0m  [1m[34mSELECT pg_try_advisory_lock(3664083811000030320)[0m
  ↳ /Users/tckw00/.rvm/gems/ruby-2.5.1/bin/rake:22
  [1m[35m (1.3ms)[0m  [1m[34mSELECT "schema_migrations"."version" FROM "schema_migrations" ORDER BY "schema_migrations"."version" ASC[0m
  ↳ /Users/tckw00/.rvm/gems/ruby-2.5.1/bin/rake:22
Migrating to CreateHousesTable (20181106180844)
  [1m[35m (0.3ms)[0m  [1m[34mSELECT pg_advisory_unlock(3664083811000030320)[0m
  ↳ /Users/tckw00/.rvm/gems/ruby-2.5.1/bin/rake:22
  [1m[35m (0.2ms)[0m  [1m[34mSELECT pg_try_advisory_lock(3664083811000030320)[0m
  ↳ /Users/tckw00/.rvm/gems/ruby-2.5.1/bin/rake:22
  [1m[35m (0.7ms)[0m  [1m[34mSELECT "schema_migrations"."version" FROM "schema_migrations" ORDER BY "schema_migrations"."version" ASC[0m
  ↳ /Users/tckw00/.rvm/gems/ruby-2.5.1/bin/rake:22
Migrating to CreateHousesTable (20181106180844)
  [1m[35m (0.1ms)[0m  [1m[35mBEGIN[0m
  ↳ /Users/tckw00/.rvm/gems/ruby-2.5.1/bin/rake:22
  [1m[35m (12.4ms)[0m  [1m[35mCREATE TABLE "houses" ("id" bigserial primary key, "address" character varying NOT NULL)[0m
  ↳ db/migrate/20181106180844_create_houses_table.rb:3
  [1m[36mActiveRecord::SchemaMigration Create (0.5ms)[0m  [1m[32mINSERT INTO "schema_migrations" ("version") VALUES ($1) RETURNING "version"[0m  [["version", "20181106180844"]]
  ↳ /Users/tckw00/.rvm/gems/ruby-2.5.1/bin/rake:22
  [1m[35m (0.6ms)[0m  [1m[35mCOMMIT[0m
  ↳ /Users/tckw00/.rvm/gems/ruby-2.5.1/bin/rake:22
  [1m[36mActiveRecord::InternalMetadata Load (0.4ms)[0m  [1m[34mSELECT  "ar_internal_metadata".* FROM "ar_internal_metadata" WHERE "ar_internal_metadata"."key" = $1 LIMIT $2[0m  [["key", "environment"], ["LIMIT", 1]]
  ↳ /Users/tckw00/.rvm/gems/ruby-2.5.1/bin/rake:22
  [1m[35m (0.1ms)[0m  [1m[35mBEGIN[0m
  ↳ /Users/tckw00/.rvm/gems/ruby-2.5.1/bin/rake:22
  [1m[35m (0.1ms)[0m  [1m[35mCOMMIT[0m
  ↳ /Users/tckw00/.rvm/gems/ruby-2.5.1/bin/rake:22
  [1m[35m (0.2ms)[0m  [1m[34mSELECT pg_advisory_unlock(3664083811000030320)[0m
  ↳ /Users/tckw00/.rvm/gems/ruby-2.5.1/bin/rake:22
  [1m[35m (0.3ms)[0m  [1m[34mSELECT "schema_migrations"."version" FROM "schema_migrations" ORDER BY "schema_migrations"."version" ASC[0m
  ↳ /Users/tckw00/.rvm/gems/ruby-2.5.1/bin/rake:22
  [1m[35m (0.2ms)[0m  [1m[35mBEGIN[0m
  [1m[36mHouse Create (7.8ms)[0m  [1m[32mINSERT INTO "houses" ("address") VALUES ($1) RETURNING "id"[0m  [["address", "308 Negra Arroyo Lane"]]
  [1m[35m (0.8ms)[0m  [1m[35mCOMMIT[0m
  [1m[35m (0.3ms)[0m  [1m[35mBEGIN[0m
  [1m[36mPerson Create (6.8ms)[0m  [1m[32mINSERT INTO "people" ("name") VALUES ($1) RETURNING "id"[0m  [["name", "Walter White"]]
  [1m[35m (0.4ms)[0m  [1m[35mCOMMIT[0m
